<?xml version="1.0" encoding="UTF-8"?>
<!-- Generated by org.testng.reporters.JUnitReportReporter -->
<testsuite hostname="Micky" failures="0" tests="2" name="TestNG.BasicTest" time="0.024" errors="0" timestamp="2024-10-21T00:27:55 IST" skipped="0">
  <testcase classname="TestNG.BasicTest" name="Hello" time="0.014"/>
  <testcase classname="TestNG.BasicTest" name="Bye" time="0.010"/>
</testsuite> <!-- TestNG.BasicTest -->
