<?xml version="1.0" encoding="UTF-8"?>
<!-- Generated by org.testng.reporters.JUnitReportReporter -->
<testsuite hostname="Micky" failures="0" tests="1" name="saucedemo.SDLogin" time="1.228" errors="0" timestamp="2024-10-21T00:43:27 IST" skipped="0">
  <testcase classname="saucedemo.SDLogin" name="SauceDemoLogin" time="1.228"/>
</testsuite> <!-- saucedemo.SDLogin -->
