<?xml version="1.0" encoding="UTF-8"?>
<!-- Generated by org.testng.reporters.JUnitReportReporter -->
<testsuite hostname="Micky" failures="0" tests="1" name="saucedemo.SDOrderItem" time="1.710" errors="0" timestamp="2024-09-23T00:21:39 IST" skipped="0">
  <testcase classname="saucedemo.SDOrderItem" name="SauceDemoCheckout" time="1.710"/>
</testsuite> <!-- saucedemo.SDOrderItem -->
