<?xml version="1.0" encoding="UTF-8"?>
<!-- Generated by org.testng.reporters.JUnitReportReporter -->
<testsuite hostname="Micky" failures="0" tests="1" name="Java.Streams" time="0.026" errors="0" timestamp="2024-10-21T00:27:55 IST" skipped="0">
  <testcase classname="Java.Streams" name="streamCollect" time="0.026"/>
</testsuite> <!-- Java.Streams -->
