<?xml version="1.0" encoding="UTF-8"?>
<!-- Generated by org.testng.reporters.JUnitReportReporter -->
<testsuite hostname="Micky" failures="0" tests="1" name="Java.Arraylist" time="0.494" errors="0" timestamp="2024-10-17T23:03:27 IST" skipped="0">
  <testcase classname="Java.Arraylist" name="streamFilter" time="0.494"/>
</testsuite> <!-- Java.Arraylist -->
